<?xml version="1.0" encoding="UTF-8"?>
<!-- Generated by org.testng.reporters.JUnitReportReporter -->
<testsuite skipped="0" hostname="Ty-Deepak-Tr" name="com.pratice.SampleTest_WithOut_POM" tests="1" failures="0" timestamp="28 Jan 2021 10:51:09 GMT" time="28.959" errors="0">
  <testcase name="createOrgTest" time="28.959" classname="com.pratice.SampleTest_WithOut_POM"/>
</testsuite> <!-- com.pratice.SampleTest_WithOut_POM -->
