<?xml version="1.0" encoding="UTF-8"?>
<!-- Generated by org.testng.reporters.JUnitReportReporter -->
<testsuite skipped="0" hostname="Ty-Deepak-Tr" name="com.pratice.CalenderPopUP2" tests="1" failures="0" timestamp="22 Jan 2021 08:42:50 GMT" time="16.103" errors="0">
  <testcase name="bookTicket" time="16.103" classname="com.pratice.CalenderPopUP2"/>
</testsuite> <!-- com.pratice.CalenderPopUP2 -->
