<?xml version="1.0" encoding="UTF-8"?>
<!-- Generated by org.testng.reporters.JUnitReportReporter -->
<testsuite skipped="0" hostname="Ty-Deepak-Tr" name="com.pratice.DynamicXpath_CalenderPopUP" tests="5" failures="0" timestamp="22 Jan 2021 08:20:19 GMT" time="135.334" errors="0">
  <testcase name="bookTicket" time="25.482" classname="com.pratice.DynamicXpath_CalenderPopUP"/>
  <testcase name="bookTicket" time="29.605" classname="com.pratice.DynamicXpath_CalenderPopUP"/>
  <testcase name="bookTicket" time="23.388" classname="com.pratice.DynamicXpath_CalenderPopUP"/>
  <testcase name="bookTicket" time="25.482" classname="com.pratice.DynamicXpath_CalenderPopUP"/>
  <testcase name="bookTicket" time="31.377" classname="com.pratice.DynamicXpath_CalenderPopUP"/>
</testsuite> <!-- com.pratice.DynamicXpath_CalenderPopUP -->
