<?xml version="1.0" encoding="UTF-8"?>
<!-- Generated by org.testng.reporters.JUnitReportReporter -->
<testsuite skipped="0" hostname="Ty-Deepak-Tr" name="com.crm.SampleTest" tests="1" failures="0" timestamp="21 Jan 2021 06:13:17 GMT" time="0.046" errors="0">
  <testcase name="createContactTest" time="0.046" classname="com.crm.SampleTest"/>
</testsuite> <!-- com.crm.SampleTest -->
