<?xml version="1.0" encoding="UTF-8"?>
<!-- Generated by org.testng.reporters.JUnitReportReporter -->
<testsuite skipped="0" hostname="Ty-Deepak-Tr" name="com.pratice.MakeMyTrip" tests="1" failures="0" timestamp="23 Jan 2021 06:00:49 GMT" time="19.013" errors="0">
  <testcase name="sampleSample" time="19.013" classname="com.pratice.MakeMyTrip"/>
</testsuite> <!-- com.pratice.MakeMyTrip -->
